[14:11:25] [main/INFO]: Setting user: ForgeDevName
[14:11:27] [Client thread/INFO]: LWJGL Version: 2.9.1
[14:11:30] [Client thread/INFO]: Reloading ResourceManager: Default, FMLFileResourcePack:Forge Mod Loader, FMLFileResourcePack:Minecraft Forge, FMLFileResourcePack:Fluffy885Craft
[14:11:31] [Sound Library Loader/INFO]: Sound engine started
[14:11:32] [Client thread/INFO]: Created: 512x256 textures/blocks-atlas
[14:11:32] [Client thread/INFO]: Created: 256x256 textures/items-atlas
[14:11:32] [Client thread/INFO]: Reloading ResourceManager: Default, FMLFileResourcePack:Forge Mod Loader, FMLFileResourcePack:Minecraft Forge, FMLFileResourcePack:Fluffy885Craft
[14:11:33] [Client thread/INFO]: Created: 512x256 textures/blocks-atlas
[14:11:33] [Client thread/INFO]: Created: 256x256 textures/items-atlas
[14:11:34] [Sound Library Loader/INFO]: Sound engine started
[14:11:46] [Server thread/INFO]: Starting integrated minecraft server version 1.7.10
[14:11:46] [Server thread/INFO]: Generating keypair
[14:11:46] [Server thread/INFO]: Preparing start region for level 0
[14:11:47] [Server thread/INFO]: Changing view distance to 12, from 10
[14:11:48] [Server thread/INFO]: ForgeDevName[local:E:2f8fe144] logged in with entity id 155 at (-19.557230638195257, 70.0, -130.71327223032094)
[14:11:48] [Server thread/INFO]: ForgeDevName joined the game
[14:12:43] [Client thread/INFO]: [CHAT] Unknown command. Try /help for a list of commands
[14:12:48] [Client thread/INFO]: [CHAT] --- Showing help page 1 of 5 (/help <page>) ---
[14:12:48] [Client thread/INFO]: [CHAT] /achievement give <stat_name> [player]
[14:12:48] [Client thread/INFO]: [CHAT] /clear <player> [item] [data]
[14:12:48] [Client thread/INFO]: [CHAT] /debug <start|stop>
[14:12:48] [Client thread/INFO]: [CHAT] /defaultgamemode <mode>
[14:12:48] [Client thread/INFO]: [CHAT] /difficulty <new difficulty>
[14:12:48] [Client thread/INFO]: [CHAT] /effect <player> <effect> [seconds] [amplifier]
[14:12:48] [Client thread/INFO]: [CHAT] /enchant <player> <enchantment ID> [level]
[14:12:48] [Client thread/INFO]: [CHAT] Tip: Use the <tab> key while typing a command to auto-complete the command or its arguments
[14:13:02] [Client thread/INFO]: [CHAT] /gamemode, /gamerule
[14:13:05] [Server thread/INFO]: [ForgeDevName: Set own game mode to Creative Mode]
[14:13:05] [Client thread/INFO]: [CHAT] Your game mode has been updated
[14:13:15] [Server thread/INFO]: [ForgeDevName: Set own game mode to Survival Mode]
[14:13:15] [Client thread/INFO]: [CHAT] Your game mode has been updated
[14:13:42] [Server thread/INFO]: ForgeDevName has just earned the achievement [Getting Wood]
[14:13:42] [Client thread/INFO]: [CHAT] ForgeDevName has just earned the achievement [Getting Wood]
[14:22:51] [Server thread/INFO]: Saving and pausing game...
[14:22:51] [Server thread/INFO]: Saving chunks for level 'Fluffy Test Creative'/Overworld
[14:22:52] [Server thread/INFO]: Saving chunks for level 'Fluffy Test Creative'/Nether
[14:22:52] [Server thread/INFO]: Saving chunks for level 'Fluffy Test Creative'/The End
[14:23:01] [Server thread/INFO]: Saving and pausing game...
[14:23:01] [Server thread/INFO]: Saving chunks for level 'Fluffy Test Creative'/Overworld
[14:23:01] [Server thread/INFO]: Saving chunks for level 'Fluffy Test Creative'/Nether
[14:23:01] [Server thread/INFO]: Saving chunks for level 'Fluffy Test Creative'/The End
[14:23:03] [Server thread/INFO]: Stopping server
[14:23:03] [Server thread/INFO]: Saving players
[14:23:03] [Server thread/INFO]: Saving worlds
[14:23:03] [Server thread/INFO]: Saving chunks for level 'Fluffy Test Creative'/Overworld
[14:23:03] [Server thread/INFO]: Saving chunks for level 'Fluffy Test Creative'/Nether
[14:23:03] [Server thread/INFO]: Saving chunks for level 'Fluffy Test Creative'/The End
[14:23:09] [Client thread/INFO]: Stopping!
